SF:lib/data/models/task.dart
DA:12,3
DA:14,1
DA:15,3
DA:17,0
DA:18,0
DA:22,1
DA:23,3
LF:7
LH:5
end_of_record
SF:lib/data/models/page_data.dart
DA:9,1
DA:16,1
DA:18,1
DA:19,1
DA:20,1
DA:22,5
DA:24,0
DA:25,0
LF:8
LH:6
end_of_record
SF:lib/domain/enities/task_entity.dart
DA:4,0
LF:1
LH:0
end_of_record
SF:lib/data/remote/base_response_model.dart
DA:6,0
DA:8,0
DA:9,0
DA:10,0
DA:11,0
LF:5
LH:0
end_of_record
SF:lib/data/remote/dto/basic_response.dart
DA:7,3
DA:9,1
DA:10,2
DA:11,2
DA:14,1
DA:15,3
LF:6
LH:6
end_of_record
SF:lib/data/remote/dto/login_response.dart
DA:13,2
DA:15,1
DA:16,3
DA:17,2
DA:18,2
DA:19,2
DA:20,2
DA:21,2
DA:22,2
DA:23,2
DA:27,2
DA:28,4
LF:12
LH:12
end_of_record
SF:lib/data/repositories/auth_repository_impl.dart
DA:9,1
DA:11,1
DA:13,3
DA:17,1
LF:4
LH:4
end_of_record
SF:lib/domain/usecases/create_task_use_case.dart
DA:8,1
DA:10,1
DA:11,2
LF:3
LH:3
end_of_record
SF:lib/data/repositories/task_repository_impl.dart
DA:14,1
DA:15,1
DA:17,1
DA:18,2
DA:20,2
DA:21,1
DA:22,2
DA:23,1
DA:24,1
DA:28,1
DA:31,1
DA:35,2
DA:36,1
DA:41,2
DA:42,2
DA:46,1
DA:47,2
DA:48,0
DA:53,3
DA:54,1
DA:55,2
DA:59,1
DA:61,1
DA:62,1
DA:63,1
DA:66,1
DA:67,2
DA:68,2
DA:69,2
DA:71,1
DA:72,2
DA:73,3
DA:77,1
DA:79,1
DA:80,1
DA:81,1
DA:83,1
DA:84,2
DA:85,2
DA:86,2
DA:88,1
DA:90,2
LF:42
LH:41
end_of_record
SF:lib/domain/usecases/get_tasks_use_case.dart
DA:9,1
DA:11,1
DA:12,2
LF:3
LH:3
end_of_record
SF:lib/domain/usecases/update_task_use_case.dart
DA:8,1
DA:10,1
DA:11,2
LF:3
LH:3
end_of_record
SF:lib/domain/usecases/delete_task_use_case.dart
DA:8,0
DA:10,0
DA:11,0
LF:3
LH:0
end_of_record
SF:lib/domain/usecases/login_use_case.dart
DA:9,1
DA:11,1
DA:13,2
LF:3
LH:3
end_of_record
